Training loss	
 2.4297e+00	
 2.1492e+00	
 1.8772e+00	
 1.5966e+00	
 1.5620e+00	
 1.2101e+00	
 1.0064e+00	
 9.5323e-01	
 1.0192e+00	
 7.7060e-01	
 7.6396e-01	
 6.4853e-01	
 6.2113e-01	
 5.1200e-01	
 5.0141e-01	
 5.3813e-01	
 4.1606e-01	
 4.7440e-01	
 5.0270e-01	
 4.1192e-01	
 4.4170e-01	
 5.9139e-01	
 3.9615e-01	
 4.4809e-01	
 3.4304e-01	
 3.8785e-01	
 4.6175e-01	
 4.2964e-01	
 3.8324e-01	
 5.4079e-01	
 3.0985e-01	
 4.3400e-01	
 4.2069e-01	
 4.2719e-01	
 3.2118e-01	
 2.7082e-01	
 4.6863e-01	
 4.9793e-01	
 4.1507e-01	
 3.6002e-01	
 4.8477e-01	
 4.5988e-01	
 2.7788e-01	
 4.3937e-01	
 3.6921e-01	
 3.8200e-01	
 2.7652e-01	
 2.9445e-01	
 2.8273e-01	
 2.5677e-01	
 3.7552e-01	
 2.7004e-01	
 2.6453e-01	
 5.2856e-01	
 5.2489e-01	
 3.6748e-01	
 5.4794e-01	
 4.0334e-01	
 4.0135e-01	
 3.3111e-01	
 3.4788e-01	
 5.3645e-01	
 3.7597e-01	
 4.0899e-01	
 5.5367e-01	
 3.2484e-01	
 4.3425e-01	
 4.3735e-01	
 6.7939e-01	
 6.3501e-01	
 2.3483e-01	
 4.0409e-01	
 4.8433e-01	
 5.2227e-01	
 3.5276e-01	
 3.0072e-01	
 3.9245e-01	
 2.5609e-01	
 3.3351e-01	
 4.6439e-01	
 4.4363e-01	
 2.2066e-01	
 1.7044e-01	
 4.1360e-01	
 3.6554e-01	
 2.7146e-01	
 2.7329e-01	
 3.2986e-01	
 2.2003e-01	
 2.8423e-01	
 6.1867e-01	
 5.8433e-01	
 3.2905e-01	
 2.2650e-01	
 3.2429e-01	
 4.1581e-01	
 4.2057e-01	
 4.8913e-01	
 7.3319e-01	
 4.7948e-01	
 3.0420e-01	
 5.9572e-01	
 5.2971e-01	
 3.5977e-01	
 3.5093e-01	
 3.3491e-01	
 4.1989e-01	
 4.0054e-01	
 3.9668e-01	
 5.6511e-01	
 4.3759e-01	
 4.6826e-01	
 5.3505e-01	
 4.6584e-01	
 5.4733e-01	
 6.8433e-01	
 3.3566e-01	
 2.6081e-01	
 5.1735e-01	
 3.3630e-01	
 2.5859e-01	
 3.3422e-01	
 3.4574e-01	
 4.1317e-01	
 5.0756e-01	
 3.9990e-01	
 2.5910e-01	
 2.9541e-01	
 2.8453e-01	
 3.7097e-01	
 4.2542e-01	
 3.4251e-01	
 3.8850e-01	
 3.9623e-01	
 4.1507e-01	
 2.5163e-01	
 3.6002e-01	
 4.8738e-01	
 3.9106e-01	
 4.4346e-01	
 2.8428e-01	
 2.5322e-01	
 1.9459e-01	
 3.0969e-01	
 3.1595e-01	
 3.5161e-01	
 2.9619e-01	
 2.5617e-01	
 2.9261e-01	
 3.6093e-01	
 3.3660e-01	
 2.9009e-01	
 4.2247e-01	
 1.7493e-01	
 3.1005e-01	
 3.1407e-01	
 4.1063e-01	
 4.1221e-01	
 2.9254e-01	
 1.9637e-01	
 3.2582e-01	
 4.4878e-01	
 4.3891e-01	
 6.1737e-01	
 4.2882e-01	
 2.9610e-01	
 2.8000e-01	
 2.1939e-01	
 3.9156e-01	
 2.9455e-01	
 1.1773e-01	
 3.3689e-01	
 2.7907e-01	
 4.2952e-01	
 2.2539e-01	
 4.3876e-01	
 6.0080e-01	
 3.0205e-01	
 2.5303e-01	
 1.9729e-01	
 4.3718e-01	
 2.4338e-01	
 2.9821e-01	
 3.3512e-01	
 2.8295e-01	
 4.2604e-01	
 3.8375e-01	
 4.1046e-01	
 2.2743e-01	
 4.4314e-01	
 2.4108e-01	
 3.9317e-01	
 4.0730e-01	
 4.6421e-01	
 3.5396e-01	
 2.3417e-01	
 3.3357e-01	
 4.2495e-01	
 1.3155e-01	
 2.9186e-01	
 2.5412e-01	
 3.4492e-01	
 2.4025e-01	
 2.3904e-01	
 2.0058e-01	
 3.5133e-01	
 5.2714e-01	
 4.1264e-01	
 6.8847e-01	
 3.5698e-01	
 3.3047e-01	
 2.2212e-01	
 5.9927e-01	
 2.2264e-01	
 3.5558e-01	
 2.9807e-01	
 3.3249e-01	
 3.5171e-01	
 1.8958e-01	
 2.6014e-01	
 3.1202e-01	
 4.5825e-01	
 2.6666e-01	
 5.8513e-01	
 3.1212e-01	
 1.9052e-01	
 2.1899e-01	
 4.6634e-01	
 3.6672e-01	
 3.1437e-01	
 2.6870e-01	
 3.0656e-01	
 3.2750e-01	
 5.3656e-01	
 4.3497e-01	
 4.9757e-01	
 3.0251e-01	
 2.5896e-01	
 3.8217e-01	
 4.4420e-01	
 3.7345e-01	
 4.4902e-01	
 3.1473e-01	
 4.9518e-01	
 5.9815e-01	
 4.4104e-01	
 2.4502e-01	
 5.3374e-01	
 3.3773e-01	
 3.4059e-01	
 3.7138e-01	
 3.8627e-01	
 5.1859e-01	
 5.4400e-01	
 2.0192e-01	
 3.8497e-01	
 3.9090e-01	
 2.8321e-01	
 2.8714e-01	
 3.0621e-01	
 3.7496e-01	
 3.7889e-01	
 2.6284e-01	
 2.6978e-01	
 1.2982e-01	
 1.7295e-01	
 2.6674e-01	
 1.9067e-01	
 2.5164e-01	
 4.7144e-01	
 3.7167e-01	
 4.0757e-01	
 4.3964e-01	
 2.1655e-01	
 2.5476e-01	
 2.7640e-01	
 2.5688e-01	
 3.6050e-01	
 3.0412e-01	
 1.6151e-01	
 2.9671e-01	
 4.2944e-01	
 2.9413e-01	
 1.8926e-01	
 3.8182e-01	
 2.6467e-01	
 2.0056e-01	
 2.9441e-01	
 2.3462e-01	
 3.5280e-01	
 3.6555e-01	
 6.9264e-01	
 9.6083e-01	
 3.7537e-01	
 4.2647e-01	
 3.1595e-01	
 3.5708e-01	
 2.4011e-01	
 2.7228e-01	
 3.6785e-01	
 2.8287e-01	
 4.3358e-01	
 3.1896e-01	
 1.7480e-01	
 2.3415e-01	
 2.3791e-01	
 2.5812e-01	
 6.1810e-01	
 3.9738e-01	
 3.0721e-01	
 3.3442e-01	
 3.2875e-01	
 3.7005e-01	
 3.4788e-01	
 2.5034e-01	
 2.7500e-01	
 3.3396e-01	
 2.6673e-01	
 2.6633e-01	
 2.0716e-01	
 3.6864e-01	
 2.5439e-01	
 4.7470e-01	
 4.7328e-01	
 4.1110e-01	
 2.2945e-01	
 2.9943e-01	
 2.8424e-01	
 3.7126e-01	
 4.5815e-01	
 4.3701e-01	
 5.0025e-01	
 4.4852e-01	
 3.3481e-01	
 3.7851e-01	
 4.4653e-01	
 3.9962e-01	
 3.9090e-01	
 1.5763e-01	
 1.3780e-01	
 2.4880e-01	
 2.8472e-01	
 3.9211e-01	
 3.3541e-01	
 3.4284e-01	
 3.0696e-01	
 4.5786e-01	
 3.7776e-01	
 1.7700e-01	
 2.2777e-01	
 4.6984e-01	
 4.6483e-01	
 4.1475e-01	
 2.5186e-01	
 2.1584e-01	
 4.9583e-01	
 4.0035e-01	
 3.2995e-01	
 4.1200e-01	
 3.8177e-01	
 4.2161e-01	
 5.6340e-01	
 4.1769e-01	
 1.5239e-01	
 1.9568e-01	
 2.6883e-01	
 2.6449e-01	
 2.7016e-01	
 3.0154e-01	
 4.0477e-01	
 3.9331e-01	
 3.4397e-01	
 2.8453e-01	
 2.6809e-01	
 4.8388e-01	
 2.3881e-01	
 1.3926e-01	
 4.2949e-01	
 1.8225e-01	
 2.4272e-01	
 2.4381e-01	
 1.9581e-01	
 6.4396e-01	
 3.5919e-01	
 3.6479e-01	
 1.7995e-01	
 4.9194e-01	
 6.0238e-01	
 2.5716e-01	
 4.9943e-01	
 2.9482e-01	
 3.1098e-01	
 4.6019e-01	
 7.0513e-01	
 3.1080e-01	
 3.9988e-01	
 3.3734e-01	
 2.3339e-01	
 1.5958e-01	
 2.7503e-01	
 4.7220e-01	
 2.0577e-01	
 2.5055e-01	
 2.4446e-01	
 2.7791e-01	
 2.5138e-01	
 4.3035e-01	
 5.2312e-01	
 3.8444e-01	
 3.5507e-01	
 1.9326e-01	
 3.5542e-01	
 3.7130e-01	
 8.0749e-01	
 3.2490e-01	
 3.8604e-01	
 1.6080e-01	
 1.7697e-01	
 3.7802e-01	
 3.7193e-01	
 3.0563e-01	
 4.6742e-01	
 3.3362e-01	
 2.4806e-01	
 2.7255e-01	
 2.6437e-01	
 3.5649e-01	
 1.4968e-01	
 4.6534e-01	
 3.9683e-01	
 2.2075e-01	
 2.4794e-01	
 3.1048e-01	
 3.0692e-01	
 3.0944e-01	
 2.9889e-01	
 2.6634e-01	
 1.4643e-01	
 1.9491e-01	
 3.4411e-01	
 2.0894e-01	
 3.8967e-01	
 4.0255e-01	
 1.7570e-01	
 2.1635e-01	
 3.3108e-01	
 1.3528e-01	
 2.6314e-01	
 1.7946e-01	
 3.1137e-01	
 4.1152e-01	
 2.7990e-01	
 1.8605e-01	
 2.7095e-01	
 1.0178e-01	
 1.5373e-01	
 2.1303e-01	
 1.7271e-01	
 1.9438e-01	
 2.9136e-01	
 6.7233e-02	
 6.5825e-02	
 1.1280e-01	
 5.4161e-01	
 3.7039e-01	
 8.3719e-02	
 6.5808e-01	
 7.8093e-02	
 3.2603e-01	
 3.4581e-01	
 4.4576e-01	
 1.6105e-01	
 3.1210e-01	
 2.7498e-01	
 3.2874e-01	
 4.2425e-01	
 2.5593e-01	
 3.9914e-01	
 2.2272e-01	
 3.4854e-01	
 2.9255e-01	
 2.0102e-01	
 2.2131e-01	
 3.2701e-01	
 4.2669e-01	
 2.1325e-01	
 2.8575e-01	
 3.4853e-01	
 3.5847e-01	
 1.8676e-01	
 1.9905e-01	
 2.7047e-01	
 2.4743e-01	
 2.7000e-01	
 2.9726e-01	
 3.1773e-01	
 3.4484e-01	
 3.4803e-01	
 3.8774e-01	
 4.0890e-01	
 2.7784e-01	
 2.3913e-01	
 2.5866e-01	
 2.5178e-01	
 2.5965e-01	
 1.9095e-01	
 2.9412e-01	
 1.3574e-01	
 3.2898e-01	
 2.5135e-01	
 2.2457e-01	
 5.0880e-01	
 3.3031e-01	
 2.8960e-01	
 3.9987e-01	
 4.0159e-01	
 2.3587e-01	
 2.9464e-01	
 2.3733e-01	
 2.1910e-01	
 2.8170e-01	
 1.4721e-01	
 2.9978e-01	
 3.2310e-01	
 2.5447e-01	
 3.7235e-01	
 1.8118e-01	
 2.1520e-01	
 2.1577e-01	
 3.3681e-01	
 1.6664e-01	
 3.3865e-01	
 3.5174e-01	
 4.0711e-01	
 2.5421e-01	
 3.3644e-01	
 2.1260e-01	
 3.6245e-01	
 3.6764e-01	
 2.4338e-01	
 3.7503e-01	
 1.8442e-01	
 3.5042e-01	
 2.7691e-01	
 2.1969e-01	
 3.1036e-01	
 3.3501e-01	
 2.7593e-01	
 3.4007e-01	
 3.7463e-01	
 2.6886e-01	
 3.2303e-01	
 2.6869e-01	
 3.2671e-01	
 2.3741e-01	
 2.2243e-01	
 3.5451e-01	
 2.9515e-01	
 2.9799e-01	
 3.8588e-01	
 2.3148e-01	
 4.2221e-01	
 2.7895e-01	
 4.0714e-01	
 2.9618e-01	
 3.0297e-01	
 2.5484e-01	
 4.5715e-01	
 5.5645e-01	
 2.9157e-01	
 3.5093e-01	
 3.1982e-01	
 3.4845e-01	
 3.2916e-01	
 3.4422e-01	
 3.5873e-01	
 1.9147e-01	
 3.3019e-01	
 2.5813e-01	
 4.2061e-01	
 2.4102e-01	
 2.5725e-01	
 3.3764e-01	
 2.4752e-01	
 1.5347e-01	
 1.5854e-01	
 2.3700e-01	
 1.9869e-01	
 2.2499e-01	
 3.9162e-01	
 3.1005e-01	
 3.8030e-01	
 2.0071e-01	
 4.6813e-01	
 2.2565e-01	
 3.4733e-01	
 2.7348e-01	
 1.6669e-01	
 2.2400e-01	
 3.3575e-01	
 2.5042e-01	
 2.3447e-01	
 2.8836e-01	
 4.0190e-01	
 2.8492e-01	
 2.0150e-01	
 2.2401e-01	
 2.8591e-01	
 2.8668e-01	
 3.3074e-01	
 2.6974e-01	
 3.8941e-01	
 4.8389e-01	
 1.8840e-01	
 3.5181e-01	
 1.9398e-01	
 3.7981e-01	
 2.6557e-01	
 2.5178e-01	
 2.2641e-01	
 3.1003e-01	
 3.4155e-01	
 1.7160e-01	
 3.0020e-01	
 2.8826e-01	
 3.4922e-01	
 2.4961e-01	
 3.3101e-01	
 3.1251e-01	
 1.6673e-01	
 4.3321e-01	
 3.5929e-01	
 2.4896e-01	
 1.1461e-01	
 2.8055e-01	
 2.0228e-01	
 1.2157e-01	
 2.5590e-01	
 2.4272e-01	
 2.0641e-01	
 2.0992e-01	
 3.1516e-01	
 1.6123e-01	
 2.3144e-01	
 3.4354e-01	
 4.0579e-01	
 2.5411e-01	
 3.5731e-01	
 2.4487e-01	
 3.7591e-01	
 3.6353e-01	
 2.7399e-01	
 2.9727e-01	
 2.7265e-01	
 2.4698e-01	
 2.1578e-01	
 2.9762e-01	
 2.1239e-01	
 3.4029e-01	
 3.0486e-01	
 2.1288e-01	
 2.5076e-01	
 4.4492e-01	
 3.0404e-01	
 3.0361e-01	
 3.4085e-01	
 1.9526e-01	
 2.6329e-01	
 2.3640e-01	
 3.7668e-01	
 2.0539e-01	
 2.4304e-01	
 2.4561e-01	
 3.0195e-01	
 3.2233e-01	
 1.9673e-01	
 2.8242e-01	
 2.8080e-01	
 3.6355e-01	
 2.8985e-01	
 4.2854e-01	
 2.7158e-01	
 3.3767e-01	
 2.5512e-01	
 2.0550e-01	
 3.1487e-01	
 2.0559e-01	
 2.7815e-01	
 2.8848e-01	
 3.0729e-01	
 3.3635e-01	
 3.1841e-01	
 2.8155e-01	
 2.0097e-01	
 2.8504e-01	
 2.5203e-01	
 2.6476e-01	
 3.2815e-01	
 2.5233e-01	
 2.0194e-01	
 3.1347e-01	
 3.4241e-01	
 3.0634e-01	
 3.9197e-01	
 2.7190e-01	
 1.6774e-01	
 2.1988e-01	
 3.1837e-01	
 2.8810e-01	
 2.6569e-01	
 3.0125e-01	
 2.6914e-01	
 1.7988e-01	
 4.0928e-01	
 3.9366e-01	
 2.7938e-01	
 4.4607e-01	
 2.6727e-01	
 4.3040e-01	
 3.0223e-01	
 2.5260e-01	
 4.0387e-01	
 3.4052e-01	
 3.8520e-01	
 4.1094e-01	
 2.3240e-01	
 3.0904e-01	
 3.3726e-01	
 2.1160e-01	
 2.8893e-01	
 4.9252e-01	
 1.9424e-01	
 3.8977e-01	
 3.4825e-01	
 3.2851e-01	
 2.8848e-01	
 3.1223e-01	
 3.3170e-01	
 2.6588e-01	
 2.7679e-01	
 1.7287e-01	
 2.5444e-01	
 2.7694e-01	
 2.3162e-01	
 3.0387e-01	
 2.4271e-01	
 3.6763e-01	
 2.0581e-01	
 3.9921e-01	
 2.2525e-01	
 2.1225e-01	
 3.9483e-01	
 1.7219e-01	
 2.8417e-01	
 3.1582e-01	
 2.9649e-01	
 2.4779e-01	
 1.8842e-01	
 4.0719e-01	
 2.5388e-01	
 2.3350e-01	
 4.2807e-01	
 2.3885e-01	
 4.9575e-01	
 3.4059e-01	
 2.8574e-01	
 2.8204e-01	
 2.2834e-01	
 2.9052e-01	
 4.4224e-01	
 3.7868e-01	
 4.4801e-01	
 2.8172e-01	
 4.0528e-01	
 2.9001e-01	
 3.6263e-01	
 3.9097e-01	
 3.3955e-01	
 3.7693e-01	
 3.1191e-01	
 2.6197e-01	
 3.5037e-01	
 2.6843e-01	
 3.6146e-01	
 3.5480e-01	
 1.5134e-01	
 1.5673e-01	
 4.0167e-01	
 2.8063e-01	
 2.6338e-01	
 2.2897e-01	
 3.7085e-01	
 2.7349e-01	
 2.4578e-01	
 2.5298e-01	
 3.8066e-01	
 3.2902e-01	
 4.0702e-01	
 3.4072e-01	
 2.5535e-01	
 3.7537e-01	
 2.6353e-01	
 1.5893e-01	
 3.2886e-01	
 2.4664e-01	
 2.9668e-01	
 3.4957e-01	
 1.4983e-01	
 3.6210e-01	
 2.1847e-01	
 1.9525e-01	
 3.7615e-01	
 4.4945e-01	
 3.2768e-01	
 2.5639e-01	
 4.2122e-01	
 2.8906e-01	
 2.1621e-01	
 2.6995e-01	
 2.0088e-01	
 4.5315e-01	
 2.6577e-01	
 2.1839e-01	
 3.2504e-01	
 2.2219e-01	
 3.0450e-01	
 2.5548e-01	
 2.6879e-01	
 2.6011e-01	
 4.3626e-01	
 3.7404e-01	
 3.5147e-01	
 2.3487e-01	
 4.5400e-01	
 2.2237e-01	
 4.5752e-01	
 3.4307e-01	
 1.6865e-01	
 2.5337e-01	
 5.4012e-01	
 3.5748e-01	
 3.3983e-01	
 2.0725e-01	
 3.6622e-01	
 2.7670e-01	
 3.6963e-01	
 2.8016e-01	
 2.7338e-01	
 3.0422e-01	
 3.5523e-01	
 3.4874e-01	
 2.9030e-01	
 2.2821e-01	
 2.8426e-01	
 3.2855e-01	
 3.3273e-01	
 2.4790e-01	
 4.2475e-01	
 2.6437e-01	
 2.6272e-01	
 2.5989e-01	
 3.0592e-01	
 2.9648e-01	
 3.6163e-01	
 3.3178e-01	
 4.7538e-01	
 3.0785e-01	
 2.6576e-01	
 1.8990e-01	
 3.1147e-01	
 3.5996e-01	
 2.7533e-01	
 4.2925e-01	
 2.2593e-01	
 2.9308e-01	
 2.6075e-01	
 3.1556e-01	
 3.0210e-01	
 2.6578e-01	
 3.4749e-01	
 3.6237e-01	
 2.5713e-01	
 2.5421e-01	
 1.6009e-01	
 1.8121e-01	
 3.4276e-01	
 2.8725e-01	
 2.4554e-01	
 2.4144e-01	
 2.4202e-01	
 3.9241e-01	
 2.1381e-01	
 3.1837e-01	
 4.0138e-01	
 3.0505e-01	
 2.2276e-01	
 3.0535e-01	
 1.3639e-01	
 2.5333e-01	
 1.7349e-01	
 2.6725e-01	
 2.5653e-01	
 2.5562e-01	
 3.0823e-01	
 2.6451e-01	
 2.2350e-01	
 3.1904e-01	
 3.7279e-01	
 1.3572e-01	
 2.8546e-01	
 4.0984e-01	
 1.9330e-01	
 4.5295e-01	
 3.4735e-01	
 3.4876e-01	
 2.1255e-01	
 2.7165e-01	
 2.2537e-01	
 3.5191e-01	
 1.4206e-01	
 1.8497e-01	
 4.7432e-01	
 2.2835e-01	
 1.7584e-01	
 3.6352e-01	
 3.8469e-01	
 3.3359e-01	
 3.1024e-01	
 3.5879e-01	
 3.9299e-01	
 2.6656e-01	
 2.2625e-01	
 4.2373e-01	
 6.6309e-01	
 2.1978e-01	
 3.1474e-01	
 4.3383e-01	
 4.2328e-01	
 2.8915e-01	
 4.1261e-01	
 2.3168e-01	
 2.2720e-01	
 1.9798e-01	
 1.5826e-01	
 2.1072e-01	
 1.6719e-01	
 3.7256e-01	
 2.1499e-01	
 2.6325e-01	
 3.6321e-01	
 2.2933e-01	
 4.7579e-01	
 3.6824e-01	
 2.8631e-01	
 2.1412e-01	
 2.4947e-01	
 2.8944e-01	
 1.9650e-01	
 4.2444e-01	
 2.4084e-01	
 3.3839e-01	
 4.0564e-01	
 2.2657e-01	
 3.0835e-01	
 2.8005e-01	
 2.9801e-01	
 3.2670e-01	
 2.6262e-01	
 2.1959e-01	
 4.2651e-01	
 3.7607e-01	
 4.9705e-01	
 4.7794e-01	
 3.0251e-01	
 3.8595e-01	
 3.2297e-01	
 3.5445e-01	
 3.6896e-01	
 2.5689e-01	
 3.1539e-01	
 1.4991e-01	
 3.2522e-01	
 2.3268e-01	
 1.5712e-01	
 3.7813e-01	
 2.9833e-01	
 3.2387e-01	
 2.6907e-01	
 2.7217e-01	
 2.1937e-01	
 3.8809e-01	
 2.9994e-01	
 1.9857e-01	
 2.8963e-01	
 1.9098e-01	
 2.4132e-01	
 1.5497e-01	
 4.6253e-01	
 2.2849e-01	
 3.8024e-01	
 2.4884e-01	
 2.7661e-01	
 3.2256e-01	
 2.7168e-01	
 2.0529e-01	
 1.6442e-01	
 3.0940e-01	
 2.5149e-01	
 3.2788e-01	
 2.0201e-01	
 4.1041e-01	
 2.3035e-01	
 1.8789e-01	
 2.2313e-01	
 2.2475e-01	
 2.7802e-01	
 2.8437e-01	
 1.9419e-01	
 2.2433e-01	
 1.7550e-01	
 2.6932e-01	
 2.2912e-01	
 2.3764e-01	
 2.2206e-01	
 3.2205e-01	
 1.9625e-01	
 2.5986e-01	
 1.7601e-01	
 1.4376e-01	
 3.7358e-01	
 2.5438e-01	
 2.6120e-01	
 3.3049e-01	
 4.0617e-01	
 1.4194e-01	
 4.7633e-01	
 3.6429e-01	
 2.6580e-01	
 4.8358e-01	
 1.4130e-01	
 2.6722e-01	
 3.4610e-01	
 3.0003e-01	
 2.2566e-01	
 1.4998e-01	
 3.8556e-01	
 1.6573e-01	
 1.4115e-01	
 2.3126e-01	
 2.6354e-01	
 2.1335e-01	
 3.2112e-01	
 4.0268e-01	
 2.8874e-01	
 2.2110e-01	
 4.2360e-01	
 3.1518e-01	
 1.2187e-01	
 2.7039e-01	
 1.7292e-01	
 1.8314e-01	
 1.6565e-01	
 5.0274e-01	
 2.9379e-01	
 2.9411e-01	
 2.9104e-01	
 1.8018e-01	
 3.1971e-01	
 2.4389e-01	
 2.8845e-01	
 3.5476e-01	
 2.1770e-01	
 2.5640e-01	
 1.7854e-01	
 3.1861e-01	
 3.5244e-01	
 2.9633e-01	
 3.9717e-01	
 2.2473e-01	
 2.8429e-01	
 2.6658e-01	
 2.8130e-01	
 2.1265e-01	
 1.8681e-01	
 3.2689e-01	
 1.5157e-01	
 4.5782e-01	
 3.2606e-01	
 3.0192e-01	
 3.8241e-01	
 2.9063e-01	
 2.6543e-01	
 1.8247e-01	
 3.2718e-01	
 2.1152e-01	
 2.2503e-01	
 2.1985e-01	
 3.1243e-01	
 1.9835e-01	
 3.2918e-01	
 1.9832e-01	
 2.2768e-01	
 2.8560e-01	
 2.7812e-01	
 1.8228e-01	
 4.6446e-01	
 2.4688e-01	
 2.0985e-01	
 2.1213e-01	
 2.5244e-01	
 2.3982e-01	
 3.0337e-01	
 3.5826e-01	
 1.4882e-01	
 3.9608e-01	
 2.9127e-01	
 4.0198e-01	
 2.5512e-01	
 3.0532e-01	
 1.9649e-01	
 2.5479e-01	
 2.5276e-01	
 3.1946e-01	
 1.3427e-01	
 2.0457e-01	
 2.9403e-01	
 2.3151e-01	
 3.3831e-01	
 2.8434e-01	
 2.6271e-01	
 3.7543e-01	
 3.3431e-01	
 2.1640e-01	
 3.2312e-01	
 3.1825e-01	
 4.4597e-01	
 2.8904e-01	
 3.0067e-01	
 2.9329e-01	
 3.3601e-01	
 3.4838e-01	
 2.5832e-01	
 2.2578e-01	
 1.6554e-01	
 2.8660e-01	
 2.3423e-01	
 3.4742e-01	
 1.5962e-01	
 4.5733e-01	
 4.5384e-01	
 2.1623e-01	
 3.6960e-01	
 4.3004e-01	
 2.7109e-01	
 2.6522e-01	
 3.1814e-01	
 2.9438e-01	
 4.6003e-01	
 2.8747e-01	
 1.5652e-01	
 4.4341e-01	
 3.1470e-01	
 2.5722e-01	
 1.8308e-01	
 3.2949e-01	
 2.6454e-01	
 2.2089e-01	
 3.2161e-01	
 2.2858e-01	
 2.1069e-01	
 3.7588e-01	
 1.7026e-01	
 2.6068e-01	
 2.3510e-01	
 2.9949e-01	
 1.7468e-01	
 1.4834e-01	
 3.6663e-01	
 2.4735e-01	
 2.6032e-01	
 2.9151e-01	
 3.0318e-01	
 2.8154e-01	
 3.8681e-01	
 2.5930e-01	
 4.4187e-01	
 2.6193e-01	
 2.9797e-01	
 2.2343e-01	
 3.8929e-01	
 3.1754e-01	
 1.6290e-01	
 3.9799e-01	
 1.6055e-01	
 2.5693e-01	
 2.5221e-01	
 2.1199e-01	
 2.9190e-01	
 3.6621e-01	
 3.5461e-01	
 2.4539e-01	
 2.5649e-01	
 2.1952e-01	
 3.1501e-01	
 3.5134e-01	
 1.7587e-01	
 2.4754e-01	
 3.3111e-01	
 3.0062e-01	
 2.4538e-01	
 3.0371e-01	
 2.2845e-01	
 2.5379e-01	
 2.8867e-01	
 2.5693e-01	
 2.9894e-01	
 3.8784e-01	
 2.7543e-01	
 2.7694e-01	
 3.2655e-01	
 2.5714e-01	
 2.9627e-01	
 3.0435e-01	
 3.2063e-01	
 5.5106e-01	
 1.7798e-01	
 3.3504e-01	
 3.2577e-01	
 2.8659e-01	
 3.4399e-01	
 3.6712e-01	
 4.0090e-01	
 2.9284e-01	
 2.5534e-01	
 1.7027e-01	
 2.8472e-01	
 3.8085e-01	
 3.7878e-01	
 3.7044e-01	
 2.0539e-01	
 2.5093e-01	
 4.0581e-01	
 4.1520e-01	
 2.2816e-01	
 3.2431e-01	
 3.7974e-01	
 1.4384e-01	
 2.3250e-01	
 4.3156e-01	
 2.1297e-01	
 3.3534e-01	
 2.4920e-01	
 2.8799e-01	
 3.6388e-01	
 5.1913e-01	
 4.0160e-01	
 3.2674e-01	
 1.5241e-01	
 2.7933e-01	
 2.0957e-01	
 4.4236e-01	
 2.8807e-01	
 2.2321e-01	
 5.5424e-01	
 4.5258e-01	
 2.6110e-01	
 2.1480e-01	
 2.5343e-01	
 3.4445e-01	
 4.0005e-01	
 3.0338e-01	
 3.2510e-01	
 3.2122e-01	
 3.7777e-01	
 2.0277e-01	
 2.4626e-01	
 1.9594e-01	
 2.6972e-01	
 1.7771e-01	
 2.3610e-01	
 1.7360e-01	
 2.8579e-01	
 2.8407e-01	
 2.8416e-01	
 2.2005e-01	
 1.2334e-01	
 3.7331e-01	
 2.6239e-01	
 3.8604e-01	
 1.5842e-01	
 2.7715e-01	
 2.3883e-01	
 1.7121e-01	
 2.6651e-01	
 2.9291e-01	
 2.8027e-01	
 1.8147e-01	
 2.8548e-01	
 2.9730e-01	
 3.0366e-01	
 2.8620e-01	
 2.5086e-01	
 2.3127e-01	
 1.8241e-01	
 3.1054e-01	
 3.5177e-01	
 3.7052e-01	
 2.7392e-01	
 2.8409e-01	
 2.5796e-01	
 2.7000e-01	
 3.2006e-01	
 3.7875e-01	
 2.4363e-01	
 1.6484e-01	
 3.8058e-01	
 3.3900e-01	
 2.8656e-01	
 4.1487e-01	
 2.4684e-01	
 3.1616e-01	
 3.7452e-01	
 1.8726e-01	
 2.2435e-01	
 3.4592e-01	
 1.2801e-01	
 4.0529e-01	
 4.0283e-01	
 2.0298e-01	
 3.5090e-01	
 1.9217e-01	
 2.7310e-01	
 3.0235e-01	
 2.5092e-01	
 2.7814e-01	
 2.8264e-01	
 2.5284e-01	
 3.5062e-01	
 3.9545e-01	
 3.6140e-01	
 2.3777e-01	
 2.4710e-01	
 3.7176e-01	
 1.8929e-01	
 3.8956e-01	
 3.3605e-01	
 4.3828e-01	
 2.5227e-01	
 2.3003e-01	
 3.6065e-01	
 1.3886e-01	
 2.8440e-01	
 1.8837e-01	
 2.9984e-01	
 2.3014e-01	
 3.4609e-01	
 3.1152e-01	
 1.8557e-01	
 3.3424e-01	
 2.2065e-01	
 2.0615e-01	
 4.4453e-01	
 3.8287e-01	
 2.4183e-01	
 1.2911e-01	
 2.3419e-01	
 3.9961e-01	
 1.7918e-01	
 1.9352e-01	
 2.1065e-01	
 3.5347e-01	
 2.4870e-01	
 2.1954e-01	
 3.4606e-01	
 2.4335e-01	
 1.6718e-01	
 1.9508e-01	
 3.8996e-01	
 3.0014e-01	
 2.2901e-01	
 2.0952e-01	
 2.6742e-01	
 2.8230e-01	
 3.1889e-01	
 2.2631e-01	
 2.9732e-01	
 1.4602e-01	
 2.5510e-01	
 3.6843e-01	
 1.6728e-01	
 3.1926e-01	
 2.0059e-01	
 2.3691e-01	
 2.7756e-01	
 5.2779e-01	
 3.8766e-01	
 4.9249e-01	
 2.2651e-01	
 3.2420e-01	
 4.1758e-01	
 3.1955e-01	
 3.6189e-01	
 4.3738e-01	
 2.8209e-01	
 2.3357e-01	
 3.6864e-01	
 2.4622e-01	
 2.5821e-01	
 2.1515e-01	
 2.2139e-01	
 2.7848e-01	
 2.7175e-01	
 2.0373e-01	
 2.1456e-01	
 1.9806e-01	
 3.8445e-01	
 2.9630e-01	
 2.7384e-01	
 1.3042e-01	
 2.2769e-01	
 3.5562e-01	
 3.4788e-01	
 2.9761e-01	
 3.1977e-01	
 2.9088e-01	
 2.2724e-01	
 1.4510e-01	
 2.9515e-01	
 1.9999e-01	
 3.3738e-01	
 1.8569e-01	
 1.6583e-01	
 2.6591e-01	
 1.8473e-01	
 2.2086e-01	
 2.8547e-01	
 2.8758e-01	
 8.2766e-02	
 2.9344e-01	
 3.0959e-01	
 2.1860e-01	
 2.1106e-01	
 1.4586e-01	
 2.1398e-01	
 2.6661e-01	
 2.7809e-01	
 2.4190e-01	
 3.5203e-01	
 2.5890e-01	
 1.4787e-01	
 2.2841e-01	
 2.3767e-01	
 2.6386e-01	
 2.1680e-01	
 2.1785e-01	
 1.6493e-01	
 1.3602e-01	
 2.4166e-01	
 1.4126e-01	
 1.5957e-01	
 3.8125e-01	
 4.5602e-01	
 2.2326e-01	
 3.3026e-01	
 2.8517e-01	
 2.3349e-01	
 2.2021e-01	
 2.2569e-01	
 4.0764e-01	
 1.9833e-01	
 2.1523e-01	
 4.2941e-01	
 2.2498e-01	
 3.4769e-01	
 3.1213e-01	
 5.4245e-01	
 4.2067e-01	
 1.4363e-01	
 3.0127e-01	
 2.7517e-01	
 3.6778e-01	
 2.7602e-01	
 1.6234e-01	
 1.9806e-01	
 1.8270e-01	
 2.2403e-01	
 3.0810e-01	
 3.0158e-01	
 1.0773e-01	
 9.0301e-02	
 2.4561e-01	
 2.1620e-01	
 2.0075e-01	
 1.8749e-01	
 2.0280e-01	
 1.6818e-01	
 2.1723e-01	
 4.5273e-01	
 5.2555e-01	
 2.5197e-01	
 2.0463e-01	
 2.6243e-01	
 3.4880e-01	
 2.8342e-01	
 3.3469e-01	
 5.6945e-01	
 3.5435e-01	
 2.2150e-01	
 5.2186e-01	
 3.9360e-01	
 2.1827e-01	
 1.8577e-01	
 2.2192e-01	
 2.3898e-01	
 2.5583e-01	
 2.8086e-01	
 4.8579e-01	
 3.4144e-01	
 2.7480e-01	
 4.5758e-01	
 3.0723e-01	
 4.6480e-01	
 6.3510e-01	
 1.7793e-01	
 2.1862e-01	
 3.9786e-01	
 2.1960e-01	
 1.5097e-01	
 2.2017e-01	
 2.5096e-01	
 2.9601e-01	
 3.5124e-01	
 3.1023e-01	
 1.6494e-01	
 2.1439e-01	
 2.1469e-01	
 3.1835e-01	
 3.0830e-01	
 2.3054e-01	
 2.4462e-01	
 2.8396e-01	
 3.2361e-01	
 1.7970e-01	
 2.7189e-01	
 3.3480e-01	
 2.7832e-01	
 2.8614e-01	
 2.1573e-01	
 1.8649e-01	
 1.5253e-01	
 2.4959e-01	
 2.9515e-01	
 2.5225e-01	
 2.0696e-01	
 2.0875e-01	
 1.9639e-01	
 2.1248e-01	
 2.2052e-01	
 2.2750e-01	
 3.1295e-01	
 1.6891e-01	
 2.3735e-01	
 2.3459e-01	
 2.4235e-01	
 2.8506e-01	
 2.0800e-01	
 1.2497e-01	
 2.4176e-01	
 4.1619e-01	
 4.2530e-01	
 6.3943e-01	
 3.4006e-01	
 2.2085e-01	
 2.1284e-01	
 1.5370e-01	
 3.4469e-01	
 2.4169e-01	
 7.2940e-02	
 2.8221e-01	
 1.6330e-01	
 4.1808e-01	
 1.3171e-01	
 3.2158e-01	
 4.7868e-01	
 1.9267e-01	
 1.9005e-01	
 1.5956e-01	
 3.2189e-01	
 1.7280e-01	
 1.9052e-01	
 2.5150e-01	
 2.2213e-01	
 3.1295e-01	
 3.0039e-01	
 3.4425e-01	
 1.7079e-01	
 3.0926e-01	
 1.5747e-01	
 3.0967e-01	
 3.6898e-01	
 3.2454e-01	
 2.7310e-01	
 1.8094e-01	
 2.6447e-01	
 3.4836e-01	
 8.1796e-02	
 2.6344e-01	
 2.0346e-01	
 3.0225e-01	
 1.8148e-01	
 1.8077e-01	
 1.4504e-01	
 2.7380e-01	
 3.9305e-01	
 3.5943e-01	
 5.3440e-01	
 2.8472e-01	
 2.9878e-01	
 1.8088e-01	
 5.8970e-01	
 1.8302e-01	
 2.6464e-01	
 2.7431e-01	
 2.6359e-01	
 2.8412e-01	
 1.2612e-01	
 1.7446e-01	
 2.1530e-01	
 3.6262e-01	
 2.3854e-01	
 4.8654e-01	
 1.8773e-01	
 1.2373e-01	
 1.9037e-01	
 3.2039e-01	
 2.8980e-01	
 2.4108e-01	
 1.9362e-01	
 2.1824e-01	
 2.6657e-01	
 4.0710e-01	
 3.0773e-01	
 3.3443e-01	
 2.2451e-01	
 1.7867e-01	
 2.4808e-01	
 3.1903e-01	
 2.5687e-01	
 3.4667e-01	
 2.8381e-01	
 4.7044e-01	
 4.6894e-01	
 3.4005e-01	
 2.1343e-01	
 4.5366e-01	
 2.7525e-01	
 2.4734e-01	
 3.0223e-01	
 2.9485e-01	
 4.0740e-01	
 4.0009e-01	
 1.1235e-01	
 3.2494e-01	
 3.5226e-01	
 2.1533e-01	
 2.1113e-01	
 1.9398e-01	
 3.6414e-01	
 2.9359e-01	
 1.7629e-01	
 1.8672e-01	
 9.1633e-02	
 1.5692e-01	
 2.1666e-01	
 1.1167e-01	
 2.2542e-01	
 3.7171e-01	
 3.2467e-01	
 3.0431e-01	
 3.4068e-01	
 1.9681e-01	
 2.0077e-01	
 2.3788e-01	
 2.0127e-01	
 2.7607e-01	
 2.4278e-01	
 1.2004e-01	
 2.1396e-01	
 3.1896e-01	
 2.3247e-01	
 1.7637e-01	
 3.6633e-01	
 2.4432e-01	
 1.7501e-01	
 2.6227e-01	
 2.1790e-01	
 3.4184e-01	
 3.0085e-01	
 5.1904e-01	
 7.7603e-01	
 2.7046e-01	
 3.2160e-01	
 2.8167e-01	
 2.8525e-01	
 2.1194e-01	
 2.1474e-01	
 3.4764e-01	
 2.4982e-01	
 3.5168e-01	
 2.9797e-01	
 9.1874e-02	
 1.7661e-01	
 1.9897e-01	
 2.0912e-01	
 5.6910e-01	
 3.8665e-01	
 2.3297e-01	
 2.8562e-01	
 2.3092e-01	
 2.3974e-01	
 2.4809e-01	
 1.9357e-01	
 2.1441e-01	
 2.9476e-01	
 2.0251e-01	
 2.4257e-01	
 1.7294e-01	
 3.3255e-01	
 2.4819e-01	
 3.9623e-01	
 4.2283e-01	
 3.1344e-01	
 1.6239e-01	
 2.3846e-01	
 1.9506e-01	
 2.9286e-01	
 3.7596e-01	
 3.9844e-01	
 4.2815e-01	
 3.4371e-01	
 2.5267e-01	
 3.4284e-01	
 3.1844e-01	
 2.7939e-01	
 3.2570e-01	
 1.2568e-01	
 1.1949e-01	
 2.0958e-01	
 1.9359e-01	
 2.8586e-01	
 2.8493e-01	
 2.5363e-01	
 2.2326e-01	
 3.4687e-01	
 3.1868e-01	
 1.3935e-01	
 1.7348e-01	
 4.1448e-01	
 4.1842e-01	
 3.3003e-01	
 2.0110e-01	
 1.6201e-01	
 4.2492e-01	
 3.6526e-01	
 2.9895e-01	
 3.2959e-01	
 2.9192e-01	
 3.1549e-01	
 5.2546e-01	
 3.9030e-01	
 1.1506e-01	
 1.5431e-01	
 2.3595e-01	
 2.2733e-01	
 2.0158e-01	
 2.3402e-01	
 3.3469e-01	
 3.1172e-01	
 3.1477e-01	
 2.4424e-01	
 1.9678e-01	
 4.2250e-01	
 1.6801e-01	
 8.4309e-02	
 3.7326e-01	
 1.3203e-01	
 1.8808e-01	
 2.1259e-01	
 1.6281e-01	
 5.8661e-01	
 2.6432e-01	
 2.7692e-01	
 1.3400e-01	
 4.2505e-01	
 5.5530e-01	
 2.1817e-01	
 4.3815e-01	
 2.4916e-01	
 2.4741e-01	
 4.3188e-01	
 6.0367e-01	
 2.8841e-01	
 2.9526e-01	
 2.4521e-01	
 1.7762e-01	
 1.3066e-01	
 2.2405e-01	
 2.9853e-01	
 1.5123e-01	
 1.8391e-01	
 1.6903e-01	
 3.0999e-01	
 2.3594e-01	
 3.3552e-01	
 3.9743e-01	
 3.1016e-01	
 3.1400e-01	
 1.6126e-01	
 2.9743e-01	
 3.1401e-01	
 6.6303e-01	
 2.4396e-01	
 3.2012e-01	
 1.1353e-01	
 1.4065e-01	
 3.1446e-01	
 3.2947e-01	
 2.5478e-01	
 3.6272e-01	
 2.5723e-01	
 2.1960e-01	
 2.2711e-01	
 2.3189e-01	
 3.1056e-01	
 1.0675e-01	
 3.5328e-01	
 2.7540e-01	
 1.8954e-01	
 2.5226e-01	
 2.8346e-01	
 2.3433e-01	
 2.0521e-01	
 2.7997e-01	
 2.3422e-01	
 1.2828e-01	
 1.7648e-01	
 2.8050e-01	
 1.4979e-01	
 3.1261e-01	
 3.0783e-01	
 1.3333e-01	
 1.8351e-01	
 2.8604e-01	
 1.0341e-01	
 2.1517e-01	
 1.4409e-01	
 2.4852e-01	
 3.8080e-01	
 2.4207e-01	
 1.7695e-01	
 2.1994e-01	
 8.2707e-02	
 1.4083e-01	
 1.3917e-01	
 1.0912e-01	
 1.4911e-01	
 2.5363e-01	
 5.4114e-02	
 5.0831e-02	
 7.7539e-02	
 3.2878e-01	
 2.8003e-01	
 8.3224e-02	
 5.8255e-01	
 6.4577e-02	
 2.3665e-01	
 2.8845e-01	
 1.8599e-01	
 2.1327e-01	
 2.0777e-01	
 3.7196e-01	
 2.9053e-01	
 2.4525e-01	
 4.1372e-01	
 2.3229e-01	
 2.2292e-01	
 2.4604e-01	
 3.1905e-01	
 1.9452e-01	
 4.2418e-01	
 2.8473e-01	
 3.1253e-01	
 3.4556e-01	
 2.2383e-01	
 2.3578e-01	
 2.1232e-01	
 3.7534e-01	
 3.5566e-01	
 3.1265e-01	
 3.2164e-01	
 1.8838e-01	
